<?xml version="1.0" encoding="UTF-8"?>
<!-- Generated by org.testng.reporters.JUnitReportReporter -->
<testsuite hostname="DESKTOP-LCU8LJQ" failures="0" tests="2" name="basic.LibraryApiTestNg" time="6.412" errors="0" timestamp="2021-11-30T10:53:42 IST" skipped="0">
  <testcase classname="basic.LibraryApiTestNg" name="addBookApi" time="5.982"/>
  <system-out/>
  <testcase classname="basic.LibraryApiTestNg" name="addBookApi" time="0.430"/>
  <system-out/>
</testsuite> <!-- basic.LibraryApiTestNg -->
